                  
				  20 Transmitter delaying for  4 cycle(s)
                  90 Transmitted 24
                 113 Received 24
                 130 Transmitted 81
                 153 Received 81
                 170 Transmitted 09
                 193 Received 09
                 210 Transmitted 63
                 233 Received 63
                 250 Transmitted 0d
                 273 Received 0d
                 290 Transmitted 8d
                 313 Received 8d
                 330 Transmitted 65
                 353 Received 65
                 370 Transmitted 12
                 393 Received 12
                 410 Transmitted 01
                 433 Received 01
                 450 Transmitted 0d
                 473 Received 0d
                 490 Transmitter delaying for  4 cycle(s)
                 550 Transmitted 76
                 554 Received 76
                 570 Transmitted 3d
                 574 Received 3d
                 590 Transmitted ed
                 594 Received ed
                 610 Transmitted 8c
                 614 Received 8c
                 630 Transmitted f9
                 634 Received f9
                 650 Transmitted c6
                 654 Received c6
                 670 Transmitted c5
                 674 Received c5
                 690 Transmitted aa
                 694 Received aa
                 710 Transmitted e5
                 714 Received e5
                 730 Transmitted 77
                 734 Received 77
                 750 Transmitter delaying for  4 cycle(s)
