                

				20 Receiver delaying for  4 cycle(s)
                  98 Transmitted 24
                 100 Received 24
                 137 Transmitted 81
                 140 Received 81
                 177 Transmitted 09
                 180 Received 09
                 217 Transmitted 63
                 220 Received 63
                 257 Transmitted 0d
                 260 Received 0d
                 297 Transmitted 8d
                 300 Received 8d
                 337 Transmitted 65
                 340 Received 65
                 377 Transmitted 12
                 380 Received 12
                 417 Transmitted 01
                 420 Received 01
                 457 Transmitted 0d
                 460 Received 0d
                 480 Receiver delaying for  4 cycle(s)
                 530 Transmitted 76
                 530 Received 76
                 541 Transmitted 3d
                 550 Received 3d
                 561 Transmitted ed
                 570 Received ed
                 581 Transmitted 8c
                 590 Received 8c
                 601 Transmitted f9
                 610 Received f9
                 621 Transmitted c6
                 630 Received c6
                 641 Transmitted c5
                 650 Received c5
                 661 Transmitted aa
                 670 Received aa
                 681 Transmitted e5
                 690 Received e5
                 701 Transmitted 77
                 710 Received 77
                 729 Transmitted 12
                 730 Receiver delaying for  4 cycle(s)
                 780 Received 12
                 791 Transmitted 8f
                 800 Received 8f
